2004.02.05 15:59 B d:\temp\xoops\modules\dms\change_log.txt --> homepages.borland.com /usr/local/homepage/jedi/xoops/modules/dms change_log.txt
2004.02.05 15:59 B d:\temp\xoops\modules\dms\database_descript.txt --> homepages.borland.com /usr/local/homepage/jedi/xoops/modules/dms database_descript.txt
2004.02.05 15:59 B d:\temp\xoops\modules\dms\defines.php --> homepages.borland.com /usr/local/homepage/jedi/xoops/modules/dms defines.php
2004.02.05 15:59 B d:\temp\xoops\modules\dms\file_checkin.php --> homepages.borland.com /usr/local/homepage/jedi/xoops/modules/dms file_checkin.php
2004.02.05 15:59 B d:\temp\xoops\modules\dms\file_checkout.php --> homepages.borland.com /usr/local/homepage/jedi/xoops/modules/dms file_checkout.php
2004.02.05 15:59 B d:\temp\xoops\modules\dms\file_checkout_cancel.php --> homepages.borland.com /usr/local/homepage/jedi/xoops/modules/dms file_checkout_cancel.php
2004.02.05 15:59 B d:\temp\xoops\modules\dms\file_copy.php --> homepages.borland.com /usr/local/homepage/jedi/xoops/modules/dms file_copy.php
2004.02.05 15:59 B d:\temp\xoops\modules\dms\file_delete.php --> homepages.borland.com /usr/local/homepage/jedi/xoops/modules/dms file_delete.php
2004.02.05 16:00 B d:\temp\xoops\modules\dms\file_import.php --> homepages.borland.com /usr/local/homepage/jedi/xoops/modules/dms file_import.php
2004.02.05 16:00 B d:\temp\xoops\modules\dms\file_move.php --> homepages.borland.com /usr/local/homepage/jedi/xoops/modules/dms file_move.php
2004.02.05 16:00 B d:\temp\xoops\modules\dms\file_new.php --> homepages.borland.com /usr/local/homepage/jedi/xoops/modules/dms file_new.php
2004.02.05 16:00 B d:\temp\xoops\modules\dms\file_options.php --> homepages.borland.com /usr/local/homepage/jedi/xoops/modules/dms file_options.php
2004.02.05 16:00 B d:\temp\xoops\modules\dms\file_restore.php --> homepages.borland.com /usr/local/homepage/jedi/xoops/modules/dms file_restore.php
2004.02.05 16:00 B d:\temp\xoops\modules\dms\file_route.php --> homepages.borland.com /usr/local/homepage/jedi/xoops/modules/dms file_route.php
2004.02.05 16:00 B d:\temp\xoops\modules\dms\file_view.php --> homepages.borland.com /usr/local/homepage/jedi/xoops/modules/dms file_view.php
2004.02.05 16:00 B d:\temp\xoops\modules\dms\folder_contract.php --> homepages.borland.com /usr/local/homepage/jedi/xoops/modules/dms folder_contract.php
2004.02.05 16:00 B d:\temp\xoops\modules\dms\folder_delete.php --> homepages.borland.com /usr/local/homepage/jedi/xoops/modules/dms folder_delete.php
2004.02.05 16:00 B d:\temp\xoops\modules\dms\folder_expand.php --> homepages.borland.com /usr/local/homepage/jedi/xoops/modules/dms folder_expand.php
2004.02.05 16:00 B d:\temp\xoops\modules\dms\folder_new.php --> homepages.borland.com /usr/local/homepage/jedi/xoops/modules/dms folder_new.php
2004.02.05 16:00 B d:\temp\xoops\modules\dms\folder_options.php --> homepages.borland.com /usr/local/homepage/jedi/xoops/modules/dms folder_options.php
2004.02.05 16:00 B d:\temp\xoops\modules\dms\folder_restore.php --> homepages.borland.com /usr/local/homepage/jedi/xoops/modules/dms folder_restore.php
2004.02.05 16:00 B d:\temp\xoops\modules\dms\folder_type_change.php --> homepages.borland.com /usr/local/homepage/jedi/xoops/modules/dms folder_type_change.php
2004.02.05 16:00 B d:\temp\xoops\modules\dms\inc_dest_path_and_file.php --> homepages.borland.com /usr/local/homepage/jedi/xoops/modules/dms inc_dest_path_and_file.php
2004.02.05 16:00 B d:\temp\xoops\modules\dms\inc_dms_functions.php --> homepages.borland.com /usr/local/homepage/jedi/xoops/modules/dms inc_dms_functions.php
2004.02.05 16:00 B d:\temp\xoops\modules\dms\inc_file_select.php --> homepages.borland.com /usr/local/homepage/jedi/xoops/modules/dms inc_file_select.php
2004.02.05 16:00 B d:\temp\xoops\modules\dms\inc_folder_select.php --> homepages.borland.com /usr/local/homepage/jedi/xoops/modules/dms inc_folder_select.php
2004.02.05 16:01 B d:\temp\xoops\modules\dms\inc_perms_check.php --> homepages.borland.com /usr/local/homepage/jedi/xoops/modules/dms inc_perms_check.php
2004.02.05 16:01 B d:\temp\xoops\modules\dms\inc_perms_set.php --> homepages.borland.com /usr/local/homepage/jedi/xoops/modules/dms inc_perms_set.php
2004.02.05 16:01 B d:\temp\xoops\modules\dms\index.php --> homepages.borland.com /usr/local/homepage/jedi/xoops/modules/dms index.php
2004.02.05 16:01 B d:\temp\xoops\modules\dms\lifecycle_apply.php --> homepages.borland.com /usr/local/homepage/jedi/xoops/modules/dms lifecycle_apply.php
2004.02.05 16:01 B d:\temp\xoops\modules\dms\lifecycle_demote.php --> homepages.borland.com /usr/local/homepage/jedi/xoops/modules/dms lifecycle_demote.php
2004.02.05 16:01 B d:\temp\xoops\modules\dms\lifecycle_editor.php --> homepages.borland.com /usr/local/homepage/jedi/xoops/modules/dms lifecycle_editor.php
2004.02.05 16:01 B d:\temp\xoops\modules\dms\lifecycle_manager.php --> homepages.borland.com /usr/local/homepage/jedi/xoops/modules/dms lifecycle_manager.php
2004.02.05 16:01 B d:\temp\xoops\modules\dms\lifecycle_promote.php --> homepages.borland.com /usr/local/homepage/jedi/xoops/modules/dms lifecycle_promote.php
2004.02.05 16:01 B d:\temp\xoops\modules\dms\lifecycle_stage_editor.php --> homepages.borland.com /usr/local/homepage/jedi/xoops/modules/dms lifecycle_stage_editor.php
2004.02.05 16:01 B d:\temp\xoops\modules\dms\link_delete.php --> homepages.borland.com /usr/local/homepage/jedi/xoops/modules/dms link_delete.php
2004.02.05 16:01 B d:\temp\xoops\modules\dms\link_options.php --> homepages.borland.com /usr/local/homepage/jedi/xoops/modules/dms link_options.php
2004.02.05 16:01 B d:\temp\xoops\modules\dms\obj_properties.php --> homepages.borland.com /usr/local/homepage/jedi/xoops/modules/dms obj_properties.php
2004.02.05 16:01 B d:\temp\xoops\modules\dms\search.php --> homepages.borland.com /usr/local/homepage/jedi/xoops/modules/dms search.php
2004.02.05 16:01 B d:\temp\xoops\modules\dms\version_view.php --> homepages.borland.com /usr/local/homepage/jedi/xoops/modules/dms version_view.php
2004.02.05 16:01 B d:\temp\xoops\modules\dms\xoops_version.php --> homepages.borland.com /usr/local/homepage/jedi/xoops/modules/dms xoops_version.php
