2004.02.05 16:18 B d:\temp\xoops\modules\jgraphics\admin\spaw\lib\themes\default\img\tb_baseline.gif --> homepages.borland.com /usr/local/homepage/jedi/xoops/modules/jgraphics/admin/spaw/lib/themes/default/img tb_baseline.gif
2004.02.05 16:18 B d:\temp\xoops\modules\jgraphics\admin\spaw\lib\themes\default\img\tb_baseline_down.gif --> homepages.borland.com /usr/local/homepage/jedi/xoops/modules/jgraphics/admin/spaw/lib/themes/default/img tb_baseline_down.gif
2004.02.05 16:18 B d:\temp\xoops\modules\jgraphics\admin\spaw\lib\themes\default\img\tb_baseline_off.gif --> homepages.borland.com /usr/local/homepage/jedi/xoops/modules/jgraphics/admin/spaw/lib/themes/default/img tb_baseline_off.gif
2004.02.05 16:18 B d:\temp\xoops\modules\jgraphics\admin\spaw\lib\themes\default\img\tb_baseline_over.gif --> homepages.borland.com /usr/local/homepage/jedi/xoops/modules/jgraphics/admin/spaw/lib/themes/default/img tb_baseline_over.gif
2004.02.05 16:18 B d:\temp\xoops\modules\jgraphics\admin\spaw\lib\themes\default\img\tb_bg_color.gif --> homepages.borland.com /usr/local/homepage/jedi/xoops/modules/jgraphics/admin/spaw/lib/themes/default/img tb_bg_color.gif
2004.02.05 16:18 B d:\temp\xoops\modules\jgraphics\admin\spaw\lib\themes\default\img\tb_bg_color_down.gif --> homepages.borland.com /usr/local/homepage/jedi/xoops/modules/jgraphics/admin/spaw/lib/themes/default/img tb_bg_color_down.gif
2004.02.05 16:18 B d:\temp\xoops\modules\jgraphics\admin\spaw\lib\themes\default\img\tb_bg_color_off.gif --> homepages.borland.com /usr/local/homepage/jedi/xoops/modules/jgraphics/admin/spaw/lib/themes/default/img tb_bg_color_off.gif
2004.02.05 16:18 B d:\temp\xoops\modules\jgraphics\admin\spaw\lib\themes\default\img\tb_bg_color_over.gif --> homepages.borland.com /usr/local/homepage/jedi/xoops/modules/jgraphics/admin/spaw/lib/themes/default/img tb_bg_color_over.gif
2004.02.05 16:18 B d:\temp\xoops\modules\jgraphics\admin\spaw\lib\themes\default\img\tb_bold.gif --> homepages.borland.com /usr/local/homepage/jedi/xoops/modules/jgraphics/admin/spaw/lib/themes/default/img tb_bold.gif
2004.02.05 16:18 B d:\temp\xoops\modules\jgraphics\admin\spaw\lib\themes\default\img\tb_bold_down.gif --> homepages.borland.com /usr/local/homepage/jedi/xoops/modules/jgraphics/admin/spaw/lib/themes/default/img tb_bold_down.gif
2004.02.05 16:18 B d:\temp\xoops\modules\jgraphics\admin\spaw\lib\themes\default\img\tb_bold_off.gif --> homepages.borland.com /usr/local/homepage/jedi/xoops/modules/jgraphics/admin/spaw/lib/themes/default/img tb_bold_off.gif
2004.02.05 16:18 B d:\temp\xoops\modules\jgraphics\admin\spaw\lib\themes\default\img\tb_bold_over.gif --> homepages.borland.com /usr/local/homepage/jedi/xoops/modules/jgraphics/admin/spaw/lib/themes/default/img tb_bold_over.gif
2004.02.05 16:18 B d:\temp\xoops\modules\jgraphics\admin\spaw\lib\themes\default\img\tb_bottom.gif --> homepages.borland.com /usr/local/homepage/jedi/xoops/modules/jgraphics/admin/spaw/lib/themes/default/img tb_bottom.gif
2004.02.05 16:18 B d:\temp\xoops\modules\jgraphics\admin\spaw\lib\themes\default\img\tb_bottom_down.gif --> homepages.borland.com /usr/local/homepage/jedi/xoops/modules/jgraphics/admin/spaw/lib/themes/default/img tb_bottom_down.gif
2004.02.05 16:18 B d:\temp\xoops\modules\jgraphics\admin\spaw\lib\themes\default\img\tb_bottom_off.gif --> homepages.borland.com /usr/local/homepage/jedi/xoops/modules/jgraphics/admin/spaw/lib/themes/default/img tb_bottom_off.gif
2004.02.05 16:18 B d:\temp\xoops\modules\jgraphics\admin\spaw\lib\themes\default\img\tb_bottom_over.gif --> homepages.borland.com /usr/local/homepage/jedi/xoops/modules/jgraphics/admin/spaw/lib/themes/default/img tb_bottom_over.gif
2004.02.05 16:18 B d:\temp\xoops\modules\jgraphics\admin\spaw\lib\themes\default\img\tb_bulleted_list.gif --> homepages.borland.com /usr/local/homepage/jedi/xoops/modules/jgraphics/admin/spaw/lib/themes/default/img tb_bulleted_list.gif
2004.02.05 16:18 B d:\temp\xoops\modules\jgraphics\admin\spaw\lib\themes\default\img\tb_bulleted_list_down.gif --> homepages.borland.com /usr/local/homepage/jedi/xoops/modules/jgraphics/admin/spaw/lib/themes/default/img tb_bulleted_list_down.gif
2004.02.05 16:18 B d:\temp\xoops\modules\jgraphics\admin\spaw\lib\themes\default\img\tb_bulleted_list_off.gif --> homepages.borland.com /usr/local/homepage/jedi/xoops/modules/jgraphics/admin/spaw/lib/themes/default/img tb_bulleted_list_off.gif
2004.02.05 16:18 B d:\temp\xoops\modules\jgraphics\admin\spaw\lib\themes\default\img\tb_bulleted_list_over.gif --> homepages.borland.com /usr/local/homepage/jedi/xoops/modules/jgraphics/admin/spaw/lib/themes/default/img tb_bulleted_list_over.gif
2004.02.05 16:18 B d:\temp\xoops\modules\jgraphics\admin\spaw\lib\themes\default\img\tb_center.gif --> homepages.borland.com /usr/local/homepage/jedi/xoops/modules/jgraphics/admin/spaw/lib/themes/default/img tb_center.gif
2004.02.05 16:18 B d:\temp\xoops\modules\jgraphics\admin\spaw\lib\themes\default\img\tb_center_down.gif --> homepages.borland.com /usr/local/homepage/jedi/xoops/modules/jgraphics/admin/spaw/lib/themes/default/img tb_center_down.gif
2004.02.05 16:18 B d:\temp\xoops\modules\jgraphics\admin\spaw\lib\themes\default\img\tb_center_off.gif --> homepages.borland.com /usr/local/homepage/jedi/xoops/modules/jgraphics/admin/spaw/lib/themes/default/img tb_center_off.gif
2004.02.05 16:18 B d:\temp\xoops\modules\jgraphics\admin\spaw\lib\themes\default\img\tb_center_over.gif --> homepages.borland.com /usr/local/homepage/jedi/xoops/modules/jgraphics/admin/spaw/lib/themes/default/img tb_center_over.gif
2004.02.05 16:18 B d:\temp\xoops\modules\jgraphics\admin\spaw\lib\themes\default\img\tb_cleanup.gif --> homepages.borland.com /usr/local/homepage/jedi/xoops/modules/jgraphics/admin/spaw/lib/themes/default/img tb_cleanup.gif
2004.02.05 16:18 B d:\temp\xoops\modules\jgraphics\admin\spaw\lib\themes\default\img\tb_cleanup_down.gif --> homepages.borland.com /usr/local/homepage/jedi/xoops/modules/jgraphics/admin/spaw/lib/themes/default/img tb_cleanup_down.gif
2004.02.05 16:18 B d:\temp\xoops\modules\jgraphics\admin\spaw\lib\themes\default\img\tb_cleanup_off.gif --> homepages.borland.com /usr/local/homepage/jedi/xoops/modules/jgraphics/admin/spaw/lib/themes/default/img tb_cleanup_off.gif
2004.02.05 16:18 B d:\temp\xoops\modules\jgraphics\admin\spaw\lib\themes\default\img\tb_cleanup_over.gif --> homepages.borland.com /usr/local/homepage/jedi/xoops/modules/jgraphics/admin/spaw/lib/themes/default/img tb_cleanup_over.gif
2004.02.05 16:18 B d:\temp\xoops\modules\jgraphics\admin\spaw\lib\themes\default\img\tb_colorpicker.gif --> homepages.borland.com /usr/local/homepage/jedi/xoops/modules/jgraphics/admin/spaw/lib/themes/default/img tb_colorpicker.gif
2004.02.05 16:18 B d:\temp\xoops\modules\jgraphics\admin\spaw\lib\themes\default\img\tb_colorpicker_down.gif --> homepages.borland.com /usr/local/homepage/jedi/xoops/modules/jgraphics/admin/spaw/lib/themes/default/img tb_colorpicker_down.gif
2004.02.05 16:19 B d:\temp\xoops\modules\jgraphics\admin\spaw\lib\themes\default\img\tb_colorpicker_off.gif --> homepages.borland.com /usr/local/homepage/jedi/xoops/modules/jgraphics/admin/spaw/lib/themes/default/img tb_colorpicker_off.gif
2004.02.05 16:19 B d:\temp\xoops\modules\jgraphics\admin\spaw\lib\themes\default\img\tb_colorpicker_over.gif --> homepages.borland.com /usr/local/homepage/jedi/xoops/modules/jgraphics/admin/spaw/lib/themes/default/img tb_colorpicker_over.gif
2004.02.05 16:19 B d:\temp\xoops\modules\jgraphics\admin\spaw\lib\themes\default\img\tb_copy.gif --> homepages.borland.com /usr/local/homepage/jedi/xoops/modules/jgraphics/admin/spaw/lib/themes/default/img tb_copy.gif
2004.02.05 16:19 B d:\temp\xoops\modules\jgraphics\admin\spaw\lib\themes\default\img\tb_copy_down.gif --> homepages.borland.com /usr/local/homepage/jedi/xoops/modules/jgraphics/admin/spaw/lib/themes/default/img tb_copy_down.gif
2004.02.05 16:19 B d:\temp\xoops\modules\jgraphics\admin\spaw\lib\themes\default\img\tb_copy_off.gif --> homepages.borland.com /usr/local/homepage/jedi/xoops/modules/jgraphics/admin/spaw/lib/themes/default/img tb_copy_off.gif
2004.02.05 16:19 B d:\temp\xoops\modules\jgraphics\admin\spaw\lib\themes\default\img\tb_copy_over.gif --> homepages.borland.com /usr/local/homepage/jedi/xoops/modules/jgraphics/admin/spaw/lib/themes/default/img tb_copy_over.gif
2004.02.05 16:19 B d:\temp\xoops\modules\jgraphics\admin\spaw\lib\themes\default\img\tb_cut.gif --> homepages.borland.com /usr/local/homepage/jedi/xoops/modules/jgraphics/admin/spaw/lib/themes/default/img tb_cut.gif
2004.02.05 16:19 B d:\temp\xoops\modules\jgraphics\admin\spaw\lib\themes\default\img\tb_cut_down.gif --> homepages.borland.com /usr/local/homepage/jedi/xoops/modules/jgraphics/admin/spaw/lib/themes/default/img tb_cut_down.gif
2004.02.05 16:19 B d:\temp\xoops\modules\jgraphics\admin\spaw\lib\themes\default\img\tb_cut_off.gif --> homepages.borland.com /usr/local/homepage/jedi/xoops/modules/jgraphics/admin/spaw/lib/themes/default/img tb_cut_off.gif
2004.02.05 16:19 B d:\temp\xoops\modules\jgraphics\admin\spaw\lib\themes\default\img\tb_cut_over.gif --> homepages.borland.com /usr/local/homepage/jedi/xoops/modules/jgraphics/admin/spaw/lib/themes/default/img tb_cut_over.gif
2004.02.05 16:19 B d:\temp\xoops\modules\jgraphics\admin\spaw\lib\themes\default\img\tb_delete.gif --> homepages.borland.com /usr/local/homepage/jedi/xoops/modules/jgraphics/admin/spaw/lib/themes/default/img tb_delete.gif
2004.02.05 16:19 B d:\temp\xoops\modules\jgraphics\admin\spaw\lib\themes\default\img\tb_delete_down.gif --> homepages.borland.com /usr/local/homepage/jedi/xoops/modules/jgraphics/admin/spaw/lib/themes/default/img tb_delete_down.gif
2004.02.05 16:19 B d:\temp\xoops\modules\jgraphics\admin\spaw\lib\themes\default\img\tb_delete_off.gif --> homepages.borland.com /usr/local/homepage/jedi/xoops/modules/jgraphics/admin/spaw/lib/themes/default/img tb_delete_off.gif
2004.02.05 16:19 B d:\temp\xoops\modules\jgraphics\admin\spaw\lib\themes\default\img\tb_delete_over.gif --> homepages.borland.com /usr/local/homepage/jedi/xoops/modules/jgraphics/admin/spaw/lib/themes/default/img tb_delete_over.gif
2004.02.05 16:19 B d:\temp\xoops\modules\jgraphics\admin\spaw\lib\themes\default\img\tb_design_tab.gif --> homepages.borland.com /usr/local/homepage/jedi/xoops/modules/jgraphics/admin/spaw/lib/themes/default/img tb_design_tab.gif
2004.02.05 16:19 B d:\temp\xoops\modules\jgraphics\admin\spaw\lib\themes\default\img\tb_design_tab_down.gif --> homepages.borland.com /usr/local/homepage/jedi/xoops/modules/jgraphics/admin/spaw/lib/themes/default/img tb_design_tab_down.gif
2004.02.05 16:19 B d:\temp\xoops\modules\jgraphics\admin\spaw\lib\themes\default\img\tb_design_tab_off.gif --> homepages.borland.com /usr/local/homepage/jedi/xoops/modules/jgraphics/admin/spaw/lib/themes/default/img tb_design_tab_off.gif
2004.02.05 16:19 B d:\temp\xoops\modules\jgraphics\admin\spaw\lib\themes\default\img\tb_design_tab_on.gif --> homepages.borland.com /usr/local/homepage/jedi/xoops/modules/jgraphics/admin/spaw/lib/themes/default/img tb_design_tab_on.gif
2004.02.05 16:19 B d:\temp\xoops\modules\jgraphics\admin\spaw\lib\themes\default\img\tb_design_tab_over.gif --> homepages.borland.com /usr/local/homepage/jedi/xoops/modules/jgraphics/admin/spaw/lib/themes/default/img tb_design_tab_over.gif
2004.02.05 16:19 B d:\temp\xoops\modules\jgraphics\admin\spaw\lib\themes\default\img\tb_fore_color.gif --> homepages.borland.com /usr/local/homepage/jedi/xoops/modules/jgraphics/admin/spaw/lib/themes/default/img tb_fore_color.gif
2004.02.05 16:19 B d:\temp\xoops\modules\jgraphics\admin\spaw\lib\themes\default\img\tb_fore_color_down.gif --> homepages.borland.com /usr/local/homepage/jedi/xoops/modules/jgraphics/admin/spaw/lib/themes/default/img tb_fore_color_down.gif
2004.02.05 16:19 B d:\temp\xoops\modules\jgraphics\admin\spaw\lib\themes\default\img\tb_fore_color_off.gif --> homepages.borland.com /usr/local/homepage/jedi/xoops/modules/jgraphics/admin/spaw/lib/themes/default/img tb_fore_color_off.gif
2004.02.05 16:19 B d:\temp\xoops\modules\jgraphics\admin\spaw\lib\themes\default\img\tb_fore_color_over.gif --> homepages.borland.com /usr/local/homepage/jedi/xoops/modules/jgraphics/admin/spaw/lib/themes/default/img tb_fore_color_over.gif
2004.02.05 16:19 B d:\temp\xoops\modules\jgraphics\admin\spaw\lib\themes\default\img\tb_hr.gif --> homepages.borland.com /usr/local/homepage/jedi/xoops/modules/jgraphics/admin/spaw/lib/themes/default/img tb_hr.gif
2004.02.05 16:19 B d:\temp\xoops\modules\jgraphics\admin\spaw\lib\themes\default\img\tb_hr_down.gif --> homepages.borland.com /usr/local/homepage/jedi/xoops/modules/jgraphics/admin/spaw/lib/themes/default/img tb_hr_down.gif
2004.02.05 16:19 B d:\temp\xoops\modules\jgraphics\admin\spaw\lib\themes\default\img\tb_hr_off.gif --> homepages.borland.com /usr/local/homepage/jedi/xoops/modules/jgraphics/admin/spaw/lib/themes/default/img tb_hr_off.gif
2004.02.05 16:19 B d:\temp\xoops\modules\jgraphics\admin\spaw\lib\themes\default\img\tb_hr_over.gif --> homepages.borland.com /usr/local/homepage/jedi/xoops/modules/jgraphics/admin/spaw/lib/themes/default/img tb_hr_over.gif
2004.02.05 16:19 B d:\temp\xoops\modules\jgraphics\admin\spaw\lib\themes\default\img\tb_html_tab.gif --> homepages.borland.com /usr/local/homepage/jedi/xoops/modules/jgraphics/admin/spaw/lib/themes/default/img tb_html_tab.gif
2004.02.05 16:19 B d:\temp\xoops\modules\jgraphics\admin\spaw\lib\themes\default\img\tb_html_tab_down.gif --> homepages.borland.com /usr/local/homepage/jedi/xoops/modules/jgraphics/admin/spaw/lib/themes/default/img tb_html_tab_down.gif
2004.02.05 16:19 B d:\temp\xoops\modules\jgraphics\admin\spaw\lib\themes\default\img\tb_html_tab_off.gif --> homepages.borland.com /usr/local/homepage/jedi/xoops/modules/jgraphics/admin/spaw/lib/themes/default/img tb_html_tab_off.gif
2004.02.05 16:19 B d:\temp\xoops\modules\jgraphics\admin\spaw\lib\themes\default\img\tb_html_tab_on.gif --> homepages.borland.com /usr/local/homepage/jedi/xoops/modules/jgraphics/admin/spaw/lib/themes/default/img tb_html_tab_on.gif
2004.02.05 16:19 B d:\temp\xoops\modules\jgraphics\admin\spaw\lib\themes\default\img\tb_html_tab_over.gif --> homepages.borland.com /usr/local/homepage/jedi/xoops/modules/jgraphics/admin/spaw/lib/themes/default/img tb_html_tab_over.gif
2004.02.05 16:20 B d:\temp\xoops\modules\jgraphics\admin\spaw\lib\themes\default\img\tb_hyperlink.gif --> homepages.borland.com /usr/local/homepage/jedi/xoops/modules/jgraphics/admin/spaw/lib/themes/default/img tb_hyperlink.gif
2004.02.05 16:20 B d:\temp\xoops\modules\jgraphics\admin\spaw\lib\themes\default\img\tb_hyperlink_down.gif --> homepages.borland.com /usr/local/homepage/jedi/xoops/modules/jgraphics/admin/spaw/lib/themes/default/img tb_hyperlink_down.gif
2004.02.05 16:20 B d:\temp\xoops\modules\jgraphics\admin\spaw\lib\themes\default\img\tb_hyperlink_off.gif --> homepages.borland.com /usr/local/homepage/jedi/xoops/modules/jgraphics/admin/spaw/lib/themes/default/img tb_hyperlink_off.gif
2004.02.05 16:20 B d:\temp\xoops\modules\jgraphics\admin\spaw\lib\themes\default\img\tb_hyperlink_over.gif --> homepages.borland.com /usr/local/homepage/jedi/xoops/modules/jgraphics/admin/spaw/lib/themes/default/img tb_hyperlink_over.gif
2004.02.05 16:20 B d:\temp\xoops\modules\jgraphics\admin\spaw\lib\themes\default\img\tb_image_insert.gif --> homepages.borland.com /usr/local/homepage/jedi/xoops/modules/jgraphics/admin/spaw/lib/themes/default/img tb_image_insert.gif
2004.02.05 16:20 B d:\temp\xoops\modules\jgraphics\admin\spaw\lib\themes\default\img\tb_image_insert_down.gif --> homepages.borland.com /usr/local/homepage/jedi/xoops/modules/jgraphics/admin/spaw/lib/themes/default/img tb_image_insert_down.gif
2004.02.05 16:20 B d:\temp\xoops\modules\jgraphics\admin\spaw\lib\themes\default\img\tb_image_insert_off.gif --> homepages.borland.com /usr/local/homepage/jedi/xoops/modules/jgraphics/admin/spaw/lib/themes/default/img tb_image_insert_off.gif
2004.02.05 16:20 B d:\temp\xoops\modules\jgraphics\admin\spaw\lib\themes\default\img\tb_image_insert_over.gif --> homepages.borland.com /usr/local/homepage/jedi/xoops/modules/jgraphics/admin/spaw/lib/themes/default/img tb_image_insert_over.gif
2004.02.05 16:20 B d:\temp\xoops\modules\jgraphics\admin\spaw\lib\themes\default\img\tb_image_map.gif --> homepages.borland.com /usr/local/homepage/jedi/xoops/modules/jgraphics/admin/spaw/lib/themes/default/img tb_image_map.gif
2004.02.05 16:20 B d:\temp\xoops\modules\jgraphics\admin\spaw\lib\themes\default\img\tb_image_map_down.gif --> homepages.borland.com /usr/local/homepage/jedi/xoops/modules/jgraphics/admin/spaw/lib/themes/default/img tb_image_map_down.gif
2004.02.05 16:20 B d:\temp\xoops\modules\jgraphics\admin\spaw\lib\themes\default\img\tb_image_map_off.gif --> homepages.borland.com /usr/local/homepage/jedi/xoops/modules/jgraphics/admin/spaw/lib/themes/default/img tb_image_map_off.gif
2004.02.05 16:20 B d:\temp\xoops\modules\jgraphics\admin\spaw\lib\themes\default\img\tb_image_map_over.gif --> homepages.borland.com /usr/local/homepage/jedi/xoops/modules/jgraphics/admin/spaw/lib/themes/default/img tb_image_map_over.gif
2004.02.05 16:20 B d:\temp\xoops\modules\jgraphics\admin\spaw\lib\themes\default\img\tb_image_prop.gif --> homepages.borland.com /usr/local/homepage/jedi/xoops/modules/jgraphics/admin/spaw/lib/themes/default/img tb_image_prop.gif
2004.02.05 16:20 B d:\temp\xoops\modules\jgraphics\admin\spaw\lib\themes\default\img\tb_image_prop_down.gif --> homepages.borland.com /usr/local/homepage/jedi/xoops/modules/jgraphics/admin/spaw/lib/themes/default/img tb_image_prop_down.gif
2004.02.05 16:20 B d:\temp\xoops\modules\jgraphics\admin\spaw\lib\themes\default\img\tb_image_prop_off.gif --> homepages.borland.com /usr/local/homepage/jedi/xoops/modules/jgraphics/admin/spaw/lib/themes/default/img tb_image_prop_off.gif
2004.02.05 16:20 B d:\temp\xoops\modules\jgraphics\admin\spaw\lib\themes\default\img\tb_image_prop_over.gif --> homepages.borland.com /usr/local/homepage/jedi/xoops/modules/jgraphics/admin/spaw/lib/themes/default/img tb_image_prop_over.gif
2004.02.05 16:20 B d:\temp\xoops\modules\jgraphics\admin\spaw\lib\themes\default\img\tb_indent.gif --> homepages.borland.com /usr/local/homepage/jedi/xoops/modules/jgraphics/admin/spaw/lib/themes/default/img tb_indent.gif
2004.02.05 16:20 B d:\temp\xoops\modules\jgraphics\admin\spaw\lib\themes\default\img\tb_indent_down.gif --> homepages.borland.com /usr/local/homepage/jedi/xoops/modules/jgraphics/admin/spaw/lib/themes/default/img tb_indent_down.gif
2004.02.05 16:20 B d:\temp\xoops\modules\jgraphics\admin\spaw\lib\themes\default\img\tb_indent_off.gif --> homepages.borland.com /usr/local/homepage/jedi/xoops/modules/jgraphics/admin/spaw/lib/themes/default/img tb_indent_off.gif
2004.02.05 16:20 B d:\temp\xoops\modules\jgraphics\admin\spaw\lib\themes\default\img\tb_indent_over.gif --> homepages.borland.com /usr/local/homepage/jedi/xoops/modules/jgraphics/admin/spaw/lib/themes/default/img tb_indent_over.gif
2004.02.05 16:20 B d:\temp\xoops\modules\jgraphics\admin\spaw\lib\themes\default\img\tb_italic.gif --> homepages.borland.com /usr/local/homepage/jedi/xoops/modules/jgraphics/admin/spaw/lib/themes/default/img tb_italic.gif
2004.02.05 16:20 B d:\temp\xoops\modules\jgraphics\admin\spaw\lib\themes\default\img\tb_italic_down.gif --> homepages.borland.com /usr/local/homepage/jedi/xoops/modules/jgraphics/admin/spaw/lib/themes/default/img tb_italic_down.gif
2004.02.05 16:20 B d:\temp\xoops\modules\jgraphics\admin\spaw\lib\themes\default\img\tb_italic_off.gif --> homepages.borland.com /usr/local/homepage/jedi/xoops/modules/jgraphics/admin/spaw/lib/themes/default/img tb_italic_off.gif
2004.02.05 16:20 B d:\temp\xoops\modules\jgraphics\admin\spaw\lib\themes\default\img\tb_italic_over.gif --> homepages.borland.com /usr/local/homepage/jedi/xoops/modules/jgraphics/admin/spaw/lib/themes/default/img tb_italic_over.gif
2004.02.05 16:20 B d:\temp\xoops\modules\jgraphics\admin\spaw\lib\themes\default\img\tb_left.gif --> homepages.borland.com /usr/local/homepage/jedi/xoops/modules/jgraphics/admin/spaw/lib/themes/default/img tb_left.gif
2004.02.05 16:20 B d:\temp\xoops\modules\jgraphics\admin\spaw\lib\themes\default\img\tb_left_down.gif --> homepages.borland.com /usr/local/homepage/jedi/xoops/modules/jgraphics/admin/spaw/lib/themes/default/img tb_left_down.gif
2004.02.05 16:20 B d:\temp\xoops\modules\jgraphics\admin\spaw\lib\themes\default\img\tb_left_off.gif --> homepages.borland.com /usr/local/homepage/jedi/xoops/modules/jgraphics/admin/spaw/lib/themes/default/img tb_left_off.gif
2004.02.05 16:20 B d:\temp\xoops\modules\jgraphics\admin\spaw\lib\themes\default\img\tb_left_over.gif --> homepages.borland.com /usr/local/homepage/jedi/xoops/modules/jgraphics/admin/spaw/lib/themes/default/img tb_left_over.gif
2004.02.05 16:20 B d:\temp\xoops\modules\jgraphics\admin\spaw\lib\themes\default\img\tb_middle.gif --> homepages.borland.com /usr/local/homepage/jedi/xoops/modules/jgraphics/admin/spaw/lib/themes/default/img tb_middle.gif
2004.02.05 16:21 B d:\temp\xoops\modules\jgraphics\admin\spaw\lib\themes\default\img\tb_middle_down.gif --> homepages.borland.com /usr/local/homepage/jedi/xoops/modules/jgraphics/admin/spaw/lib/themes/default/img tb_middle_down.gif
2004.02.05 16:21 B d:\temp\xoops\modules\jgraphics\admin\spaw\lib\themes\default\img\tb_middle_off.gif --> homepages.borland.com /usr/local/homepage/jedi/xoops/modules/jgraphics/admin/spaw/lib/themes/default/img tb_middle_off.gif
2004.02.05 16:21 B d:\temp\xoops\modules\jgraphics\admin\spaw\lib\themes\default\img\tb_middle_over.gif --> homepages.borland.com /usr/local/homepage/jedi/xoops/modules/jgraphics/admin/spaw/lib/themes/default/img tb_middle_over.gif
2004.02.05 16:21 B d:\temp\xoops\modules\jgraphics\admin\spaw\lib\themes\default\img\tb_new.gif --> homepages.borland.com /usr/local/homepage/jedi/xoops/modules/jgraphics/admin/spaw/lib/themes/default/img tb_new.gif
2004.02.05 16:21 B d:\temp\xoops\modules\jgraphics\admin\spaw\lib\themes\default\img\tb_new_down.gif --> homepages.borland.com /usr/local/homepage/jedi/xoops/modules/jgraphics/admin/spaw/lib/themes/default/img tb_new_down.gif
2004.02.05 16:21 B d:\temp\xoops\modules\jgraphics\admin\spaw\lib\themes\default\img\tb_new_off.gif --> homepages.borland.com /usr/local/homepage/jedi/xoops/modules/jgraphics/admin/spaw/lib/themes/default/img tb_new_off.gif
2004.02.05 16:21 B d:\temp\xoops\modules\jgraphics\admin\spaw\lib\themes\default\img\tb_new_over.gif --> homepages.borland.com /usr/local/homepage/jedi/xoops/modules/jgraphics/admin/spaw/lib/themes/default/img tb_new_over.gif
2004.02.05 16:21 B d:\temp\xoops\modules\jgraphics\admin\spaw\lib\themes\default\img\tb_ordered_list.gif --> homepages.borland.com /usr/local/homepage/jedi/xoops/modules/jgraphics/admin/spaw/lib/themes/default/img tb_ordered_list.gif
2004.02.05 16:21 B d:\temp\xoops\modules\jgraphics\admin\spaw\lib\themes\default\img\tb_ordered_list_down.gif --> homepages.borland.com /usr/local/homepage/jedi/xoops/modules/jgraphics/admin/spaw/lib/themes/default/img tb_ordered_list_down.gif
2004.02.05 16:21 B d:\temp\xoops\modules\jgraphics\admin\spaw\lib\themes\default\img\tb_ordered_list_off.gif --> homepages.borland.com /usr/local/homepage/jedi/xoops/modules/jgraphics/admin/spaw/lib/themes/default/img tb_ordered_list_off.gif
2004.02.05 16:21 B d:\temp\xoops\modules\jgraphics\admin\spaw\lib\themes\default\img\tb_ordered_list_over.gif --> homepages.borland.com /usr/local/homepage/jedi/xoops/modules/jgraphics/admin/spaw/lib/themes/default/img tb_ordered_list_over.gif
2004.02.05 16:21 B d:\temp\xoops\modules\jgraphics\admin\spaw\lib\themes\default\img\tb_page_prop.gif --> homepages.borland.com /usr/local/homepage/jedi/xoops/modules/jgraphics/admin/spaw/lib/themes/default/img tb_page_prop.gif
2004.02.05 16:21 B d:\temp\xoops\modules\jgraphics\admin\spaw\lib\themes\default\img\tb_page_prop_down.gif --> homepages.borland.com /usr/local/homepage/jedi/xoops/modules/jgraphics/admin/spaw/lib/themes/default/img tb_page_prop_down.gif
2004.02.05 16:21 B d:\temp\xoops\modules\jgraphics\admin\spaw\lib\themes\default\img\tb_page_prop_off.gif --> homepages.borland.com /usr/local/homepage/jedi/xoops/modules/jgraphics/admin/spaw/lib/themes/default/img tb_page_prop_off.gif
2004.02.05 16:21 B d:\temp\xoops\modules\jgraphics\admin\spaw\lib\themes\default\img\tb_page_prop_over.gif --> homepages.borland.com /usr/local/homepage/jedi/xoops/modules/jgraphics/admin/spaw/lib/themes/default/img tb_page_prop_over.gif
2004.02.05 16:21 B d:\temp\xoops\modules\jgraphics\admin\spaw\lib\themes\default\img\tb_paste.gif --> homepages.borland.com /usr/local/homepage/jedi/xoops/modules/jgraphics/admin/spaw/lib/themes/default/img tb_paste.gif
2004.02.05 16:21 B d:\temp\xoops\modules\jgraphics\admin\spaw\lib\themes\default\img\tb_paste_down.gif --> homepages.borland.com /usr/local/homepage/jedi/xoops/modules/jgraphics/admin/spaw/lib/themes/default/img tb_paste_down.gif
2004.02.05 16:21 B d:\temp\xoops\modules\jgraphics\admin\spaw\lib\themes\default\img\tb_paste_off.gif --> homepages.borland.com /usr/local/homepage/jedi/xoops/modules/jgraphics/admin/spaw/lib/themes/default/img tb_paste_off.gif
2004.02.05 16:21 B d:\temp\xoops\modules\jgraphics\admin\spaw\lib\themes\default\img\tb_paste_over.gif --> homepages.borland.com /usr/local/homepage/jedi/xoops/modules/jgraphics/admin/spaw/lib/themes/default/img tb_paste_over.gif
2004.02.05 16:21 B d:\temp\xoops\modules\jgraphics\admin\spaw\lib\themes\default\img\tb_preview.gif --> homepages.borland.com /usr/local/homepage/jedi/xoops/modules/jgraphics/admin/spaw/lib/themes/default/img tb_preview.gif
2004.02.05 16:21 B d:\temp\xoops\modules\jgraphics\admin\spaw\lib\themes\default\img\tb_preview_down.gif --> homepages.borland.com /usr/local/homepage/jedi/xoops/modules/jgraphics/admin/spaw/lib/themes/default/img tb_preview_down.gif
2004.02.05 16:21 B d:\temp\xoops\modules\jgraphics\admin\spaw\lib\themes\default\img\tb_preview_off.gif --> homepages.borland.com /usr/local/homepage/jedi/xoops/modules/jgraphics/admin/spaw/lib/themes/default/img tb_preview_off.gif
2004.02.05 16:21 B d:\temp\xoops\modules\jgraphics\admin\spaw\lib\themes\default\img\tb_preview_over.gif --> homepages.borland.com /usr/local/homepage/jedi/xoops/modules/jgraphics/admin/spaw/lib/themes/default/img tb_preview_over.gif
2004.02.05 16:21 B d:\temp\xoops\modules\jgraphics\admin\spaw\lib\themes\default\img\tb_redo.gif --> homepages.borland.com /usr/local/homepage/jedi/xoops/modules/jgraphics/admin/spaw/lib/themes/default/img tb_redo.gif
2004.02.05 16:21 B d:\temp\xoops\modules\jgraphics\admin\spaw\lib\themes\default\img\tb_redo_down.gif --> homepages.borland.com /usr/local/homepage/jedi/xoops/modules/jgraphics/admin/spaw/lib/themes/default/img tb_redo_down.gif
2004.02.05 16:21 B d:\temp\xoops\modules\jgraphics\admin\spaw\lib\themes\default\img\tb_redo_off.gif --> homepages.borland.com /usr/local/homepage/jedi/xoops/modules/jgraphics/admin/spaw/lib/themes/default/img tb_redo_off.gif
2004.02.05 16:22 B d:\temp\xoops\modules\jgraphics\admin\spaw\lib\themes\default\img\tb_redo_over.gif --> homepages.borland.com /usr/local/homepage/jedi/xoops/modules/jgraphics/admin/spaw/lib/themes/default/img tb_redo_over.gif
2004.02.05 16:22 B d:\temp\xoops\modules\jgraphics\admin\spaw\lib\themes\default\img\tb_right.gif --> homepages.borland.com /usr/local/homepage/jedi/xoops/modules/jgraphics/admin/spaw/lib/themes/default/img tb_right.gif
2004.02.05 16:22 B d:\temp\xoops\modules\jgraphics\admin\spaw\lib\themes\default\img\tb_right_down.gif --> homepages.borland.com /usr/local/homepage/jedi/xoops/modules/jgraphics/admin/spaw/lib/themes/default/img tb_right_down.gif
2004.02.05 16:22 B d:\temp\xoops\modules\jgraphics\admin\spaw\lib\themes\default\img\tb_right_off.gif --> homepages.borland.com /usr/local/homepage/jedi/xoops/modules/jgraphics/admin/spaw/lib/themes/default/img tb_right_off.gif
2004.02.05 16:22 B d:\temp\xoops\modules\jgraphics\admin\spaw\lib\themes\default\img\tb_right_over.gif --> homepages.borland.com /usr/local/homepage/jedi/xoops/modules/jgraphics/admin/spaw/lib/themes/default/img tb_right_over.gif
2004.02.05 16:22 B d:\temp\xoops\modules\jgraphics\admin\spaw\lib\themes\default\img\tb_save.gif --> homepages.borland.com /usr/local/homepage/jedi/xoops/modules/jgraphics/admin/spaw/lib/themes/default/img tb_save.gif
2004.02.05 16:22 B d:\temp\xoops\modules\jgraphics\admin\spaw\lib\themes\default\img\tb_save_all.gif --> homepages.borland.com /usr/local/homepage/jedi/xoops/modules/jgraphics/admin/spaw/lib/themes/default/img tb_save_all.gif
2004.02.05 16:22 B d:\temp\xoops\modules\jgraphics\admin\spaw\lib\themes\default\img\tb_save_all_down.gif --> homepages.borland.com /usr/local/homepage/jedi/xoops/modules/jgraphics/admin/spaw/lib/themes/default/img tb_save_all_down.gif
2004.02.05 16:22 B d:\temp\xoops\modules\jgraphics\admin\spaw\lib\themes\default\img\tb_save_all_off.gif --> homepages.borland.com /usr/local/homepage/jedi/xoops/modules/jgraphics/admin/spaw/lib/themes/default/img tb_save_all_off.gif
2004.02.05 16:22 B d:\temp\xoops\modules\jgraphics\admin\spaw\lib\themes\default\img\tb_save_all_over.gif --> homepages.borland.com /usr/local/homepage/jedi/xoops/modules/jgraphics/admin/spaw/lib/themes/default/img tb_save_all_over.gif
2004.02.05 16:22 B d:\temp\xoops\modules\jgraphics\admin\spaw\lib\themes\default\img\tb_save_down.gif --> homepages.borland.com /usr/local/homepage/jedi/xoops/modules/jgraphics/admin/spaw/lib/themes/default/img tb_save_down.gif
2004.02.05 16:22 B d:\temp\xoops\modules\jgraphics\admin\spaw\lib\themes\default\img\tb_save_off.gif --> homepages.borland.com /usr/local/homepage/jedi/xoops/modules/jgraphics/admin/spaw/lib/themes/default/img tb_save_off.gif
2004.02.05 16:22 B d:\temp\xoops\modules\jgraphics\admin\spaw\lib\themes\default\img\tb_save_over.gif --> homepages.borland.com /usr/local/homepage/jedi/xoops/modules/jgraphics/admin/spaw/lib/themes/default/img tb_save_over.gif
2004.02.05 16:22 B d:\temp\xoops\modules\jgraphics\admin\spaw\lib\themes\default\img\tb_special_chars.gif --> homepages.borland.com /usr/local/homepage/jedi/xoops/modules/jgraphics/admin/spaw/lib/themes/default/img tb_special_chars.gif
2004.02.05 16:22 B d:\temp\xoops\modules\jgraphics\admin\spaw\lib\themes\default\img\tb_special_chars_off.gif --> homepages.borland.com /usr/local/homepage/jedi/xoops/modules/jgraphics/admin/spaw/lib/themes/default/img tb_special_chars_off.gif
2004.02.05 16:22 B d:\temp\xoops\modules\jgraphics\admin\spaw\lib\themes\default\img\tb_special_chars_over.gif --> homepages.borland.com /usr/local/homepage/jedi/xoops/modules/jgraphics/admin/spaw/lib/themes/default/img tb_special_chars_over.gif
2004.02.05 16:22 B d:\temp\xoops\modules\jgraphics\admin\spaw\lib\themes\default\img\tb_strike.gif --> homepages.borland.com /usr/local/homepage/jedi/xoops/modules/jgraphics/admin/spaw/lib/themes/default/img tb_strike.gif
2004.02.05 16:22 B d:\temp\xoops\modules\jgraphics\admin\spaw\lib\themes\default\img\tb_strike_down.gif --> homepages.borland.com /usr/local/homepage/jedi/xoops/modules/jgraphics/admin/spaw/lib/themes/default/img tb_strike_down.gif
2004.02.05 16:22 B d:\temp\xoops\modules\jgraphics\admin\spaw\lib\themes\default\img\tb_strike_off.gif --> homepages.borland.com /usr/local/homepage/jedi/xoops/modules/jgraphics/admin/spaw/lib/themes/default/img tb_strike_off.gif
2004.02.05 16:22 B d:\temp\xoops\modules\jgraphics\admin\spaw\lib\themes\default\img\tb_strike_over.gif --> homepages.borland.com /usr/local/homepage/jedi/xoops/modules/jgraphics/admin/spaw/lib/themes/default/img tb_strike_over.gif
2004.02.05 16:22 B d:\temp\xoops\modules\jgraphics\admin\spaw\lib\themes\default\img\tb_table_cell_merge_down.gif --> homepages.borland.com /usr/local/homepage/jedi/xoops/modules/jgraphics/admin/spaw/lib/themes/default/img tb_table_cell_merge_down.gif
2004.02.05 16:22 B d:\temp\xoops\modules\jgraphics\admin\spaw\lib\themes\default\img\tb_table_cell_merge_down_down.gif --> homepages.borland.com /usr/local/homepage/jedi/xoops/modules/jgraphics/admin/spaw/lib/themes/default/img tb_table_cell_merge_down_down.gif
2004.02.05 16:22 B d:\temp\xoops\modules\jgraphics\admin\spaw\lib\themes\default\img\tb_table_cell_merge_down_off.gif --> homepages.borland.com /usr/local/homepage/jedi/xoops/modules/jgraphics/admin/spaw/lib/themes/default/img tb_table_cell_merge_down_off.gif
2004.02.05 16:22 B d:\temp\xoops\modules\jgraphics\admin\spaw\lib\themes\default\img\tb_table_cell_merge_down_over.gif --> homepages.borland.com /usr/local/homepage/jedi/xoops/modules/jgraphics/admin/spaw/lib/themes/default/img tb_table_cell_merge_down_over.gif
2004.02.05 16:22 B d:\temp\xoops\modules\jgraphics\admin\spaw\lib\themes\default\img\tb_table_cell_merge_right.gif --> homepages.borland.com /usr/local/homepage/jedi/xoops/modules/jgraphics/admin/spaw/lib/themes/default/img tb_table_cell_merge_right.gif
2004.02.05 16:22 B d:\temp\xoops\modules\jgraphics\admin\spaw\lib\themes\default\img\tb_table_cell_merge_right_down.gif --> homepages.borland.com /usr/local/homepage/jedi/xoops/modules/jgraphics/admin/spaw/lib/themes/default/img tb_table_cell_merge_right_down.gif
2004.02.05 16:22 B d:\temp\xoops\modules\jgraphics\admin\spaw\lib\themes\default\img\tb_table_cell_merge_right_off.gif --> homepages.borland.com /usr/local/homepage/jedi/xoops/modules/jgraphics/admin/spaw/lib/themes/default/img tb_table_cell_merge_right_off.gif
2004.02.05 16:22 B d:\temp\xoops\modules\jgraphics\admin\spaw\lib\themes\default\img\tb_table_cell_merge_right_over.gif --> homepages.borland.com /usr/local/homepage/jedi/xoops/modules/jgraphics/admin/spaw/lib/themes/default/img tb_table_cell_merge_right_over.gif
2004.02.05 16:22 B d:\temp\xoops\modules\jgraphics\admin\spaw\lib\themes\default\img\tb_table_cell_prop.gif --> homepages.borland.com /usr/local/homepage/jedi/xoops/modules/jgraphics/admin/spaw/lib/themes/default/img tb_table_cell_prop.gif
2004.02.05 16:22 B d:\temp\xoops\modules\jgraphics\admin\spaw\lib\themes\default\img\tb_table_cell_prop_down.gif --> homepages.borland.com /usr/local/homepage/jedi/xoops/modules/jgraphics/admin/spaw/lib/themes/default/img tb_table_cell_prop_down.gif
2004.02.05 16:22 B d:\temp\xoops\modules\jgraphics\admin\spaw\lib\themes\default\img\tb_table_cell_prop_off.gif --> homepages.borland.com /usr/local/homepage/jedi/xoops/modules/jgraphics/admin/spaw/lib/themes/default/img tb_table_cell_prop_off.gif
2004.02.05 16:22 B d:\temp\xoops\modules\jgraphics\admin\spaw\lib\themes\default\img\tb_table_cell_prop_over.gif --> homepages.borland.com /usr/local/homepage/jedi/xoops/modules/jgraphics/admin/spaw/lib/themes/default/img tb_table_cell_prop_over.gif
2004.02.05 16:23 B d:\temp\xoops\modules\jgraphics\admin\spaw\lib\themes\default\img\tb_table_cell_split_horizontal.gif --> homepages.borland.com /usr/local/homepage/jedi/xoops/modules/jgraphics/admin/spaw/lib/themes/default/img tb_table_cell_split_horizontal.gif
2004.02.05 16:23 B d:\temp\xoops\modules\jgraphics\admin\spaw\lib\themes\default\img\tb_table_cell_split_horizontal_down.gif --> homepages.borland.com /usr/local/homepage/jedi/xoops/modules/jgraphics/admin/spaw/lib/themes/default/img tb_table_cell_split_horizontal_down.gif
2004.02.05 16:23 B d:\temp\xoops\modules\jgraphics\admin\spaw\lib\themes\default\img\tb_table_cell_split_horizontal_off.gif --> homepages.borland.com /usr/local/homepage/jedi/xoops/modules/jgraphics/admin/spaw/lib/themes/default/img tb_table_cell_split_horizontal_off.gif
2004.02.05 16:23 B d:\temp\xoops\modules\jgraphics\admin\spaw\lib\themes\default\img\tb_table_cell_split_horizontal_over.gif --> homepages.borland.com /usr/local/homepage/jedi/xoops/modules/jgraphics/admin/spaw/lib/themes/default/img tb_table_cell_split_horizontal_over.gif
2004.02.05 16:23 B d:\temp\xoops\modules\jgraphics\admin\spaw\lib\themes\default\img\tb_table_cell_split_vertical.gif --> homepages.borland.com /usr/local/homepage/jedi/xoops/modules/jgraphics/admin/spaw/lib/themes/default/img tb_table_cell_split_vertical.gif
2004.02.05 16:23 B d:\temp\xoops\modules\jgraphics\admin\spaw\lib\themes\default\img\tb_table_cell_split_vertical_down.gif --> homepages.borland.com /usr/local/homepage/jedi/xoops/modules/jgraphics/admin/spaw/lib/themes/default/img tb_table_cell_split_vertical_down.gif
2004.02.05 16:23 B d:\temp\xoops\modules\jgraphics\admin\spaw\lib\themes\default\img\tb_table_cell_split_vertical_off.gif --> homepages.borland.com /usr/local/homepage/jedi/xoops/modules/jgraphics/admin/spaw/lib/themes/default/img tb_table_cell_split_vertical_off.gif
2004.02.05 16:23 B d:\temp\xoops\modules\jgraphics\admin\spaw\lib\themes\default\img\tb_table_cell_split_vertical_over.gif --> homepages.borland.com /usr/local/homepage/jedi/xoops/modules/jgraphics/admin/spaw/lib/themes/default/img tb_table_cell_split_vertical_over.gif
2004.02.05 16:23 B d:\temp\xoops\modules\jgraphics\admin\spaw\lib\themes\default\img\tb_table_column_delete.gif --> homepages.borland.com /usr/local/homepage/jedi/xoops/modules/jgraphics/admin/spaw/lib/themes/default/img tb_table_column_delete.gif
2004.02.05 16:23 B d:\temp\xoops\modules\jgraphics\admin\spaw\lib\themes\default\img\tb_table_column_delete_down.gif --> homepages.borland.com /usr/local/homepage/jedi/xoops/modules/jgraphics/admin/spaw/lib/themes/default/img tb_table_column_delete_down.gif
2004.02.05 16:23 B d:\temp\xoops\modules\jgraphics\admin\spaw\lib\themes\default\img\tb_table_column_delete_off.gif --> homepages.borland.com /usr/local/homepage/jedi/xoops/modules/jgraphics/admin/spaw/lib/themes/default/img tb_table_column_delete_off.gif
2004.02.05 16:23 B d:\temp\xoops\modules\jgraphics\admin\spaw\lib\themes\default\img\tb_table_column_delete_over.gif --> homepages.borland.com /usr/local/homepage/jedi/xoops/modules/jgraphics/admin/spaw/lib/themes/default/img tb_table_column_delete_over.gif
2004.02.05 16:23 B d:\temp\xoops\modules\jgraphics\admin\spaw\lib\themes\default\img\tb_table_column_insert.gif --> homepages.borland.com /usr/local/homepage/jedi/xoops/modules/jgraphics/admin/spaw/lib/themes/default/img tb_table_column_insert.gif
2004.02.05 16:23 B d:\temp\xoops\modules\jgraphics\admin\spaw\lib\themes\default\img\tb_table_column_insert_down.gif --> homepages.borland.com /usr/local/homepage/jedi/xoops/modules/jgraphics/admin/spaw/lib/themes/default/img tb_table_column_insert_down.gif
2004.02.05 16:23 B d:\temp\xoops\modules\jgraphics\admin\spaw\lib\themes\default\img\tb_table_column_insert_off.gif --> homepages.borland.com /usr/local/homepage/jedi/xoops/modules/jgraphics/admin/spaw/lib/themes/default/img tb_table_column_insert_off.gif
2004.02.05 16:23 B d:\temp\xoops\modules\jgraphics\admin\spaw\lib\themes\default\img\tb_table_column_insert_over.gif --> homepages.borland.com /usr/local/homepage/jedi/xoops/modules/jgraphics/admin/spaw/lib/themes/default/img tb_table_column_insert_over.gif
2004.02.05 16:23 B d:\temp\xoops\modules\jgraphics\admin\spaw\lib\themes\default\img\tb_table_create.gif --> homepages.borland.com /usr/local/homepage/jedi/xoops/modules/jgraphics/admin/spaw/lib/themes/default/img tb_table_create.gif
2004.02.05 16:23 B d:\temp\xoops\modules\jgraphics\admin\spaw\lib\themes\default\img\tb_table_create_down.gif --> homepages.borland.com /usr/local/homepage/jedi/xoops/modules/jgraphics/admin/spaw/lib/themes/default/img tb_table_create_down.gif
2004.02.05 16:23 B d:\temp\xoops\modules\jgraphics\admin\spaw\lib\themes\default\img\tb_table_create_off.gif --> homepages.borland.com /usr/local/homepage/jedi/xoops/modules/jgraphics/admin/spaw/lib/themes/default/img tb_table_create_off.gif
2004.02.05 16:23 B d:\temp\xoops\modules\jgraphics\admin\spaw\lib\themes\default\img\tb_table_create_over.gif --> homepages.borland.com /usr/local/homepage/jedi/xoops/modules/jgraphics/admin/spaw/lib/themes/default/img tb_table_create_over.gif
2004.02.05 16:23 B d:\temp\xoops\modules\jgraphics\admin\spaw\lib\themes\default\img\tb_table_prop.gif --> homepages.borland.com /usr/local/homepage/jedi/xoops/modules/jgraphics/admin/spaw/lib/themes/default/img tb_table_prop.gif
2004.02.05 16:23 B d:\temp\xoops\modules\jgraphics\admin\spaw\lib\themes\default\img\tb_table_prop_down.gif --> homepages.borland.com /usr/local/homepage/jedi/xoops/modules/jgraphics/admin/spaw/lib/themes/default/img tb_table_prop_down.gif
2004.02.05 16:23 B d:\temp\xoops\modules\jgraphics\admin\spaw\lib\themes\default\img\tb_table_prop_off.gif --> homepages.borland.com /usr/local/homepage/jedi/xoops/modules/jgraphics/admin/spaw/lib/themes/default/img tb_table_prop_off.gif
2004.02.05 16:23 B d:\temp\xoops\modules\jgraphics\admin\spaw\lib\themes\default\img\tb_table_prop_over.gif --> homepages.borland.com /usr/local/homepage/jedi/xoops/modules/jgraphics/admin/spaw/lib/themes/default/img tb_table_prop_over.gif
2004.02.05 16:23 B d:\temp\xoops\modules\jgraphics\admin\spaw\lib\themes\default\img\tb_table_row_delete.gif --> homepages.borland.com /usr/local/homepage/jedi/xoops/modules/jgraphics/admin/spaw/lib/themes/default/img tb_table_row_delete.gif
2004.02.05 16:23 B d:\temp\xoops\modules\jgraphics\admin\spaw\lib\themes\default\img\tb_table_row_delete_down.gif --> homepages.borland.com /usr/local/homepage/jedi/xoops/modules/jgraphics/admin/spaw/lib/themes/default/img tb_table_row_delete_down.gif
2004.02.05 16:23 B d:\temp\xoops\modules\jgraphics\admin\spaw\lib\themes\default\img\tb_table_row_delete_off.gif --> homepages.borland.com /usr/local/homepage/jedi/xoops/modules/jgraphics/admin/spaw/lib/themes/default/img tb_table_row_delete_off.gif
2004.02.05 16:23 B d:\temp\xoops\modules\jgraphics\admin\spaw\lib\themes\default\img\tb_table_row_delete_over.gif --> homepages.borland.com /usr/local/homepage/jedi/xoops/modules/jgraphics/admin/spaw/lib/themes/default/img tb_table_row_delete_over.gif
2004.02.05 16:23 B d:\temp\xoops\modules\jgraphics\admin\spaw\lib\themes\default\img\tb_table_row_insert.gif --> homepages.borland.com /usr/local/homepage/jedi/xoops/modules/jgraphics/admin/spaw/lib/themes/default/img tb_table_row_insert.gif
2004.02.05 16:23 B d:\temp\xoops\modules\jgraphics\admin\spaw\lib\themes\default\img\tb_table_row_insert_down.gif --> homepages.borland.com /usr/local/homepage/jedi/xoops/modules/jgraphics/admin/spaw/lib/themes/default/img tb_table_row_insert_down.gif
2004.02.05 16:24 B d:\temp\xoops\modules\jgraphics\admin\spaw\lib\themes\default\img\tb_table_row_insert_off.gif --> homepages.borland.com /usr/local/homepage/jedi/xoops/modules/jgraphics/admin/spaw/lib/themes/default/img tb_table_row_insert_off.gif
2004.02.05 16:24 B d:\temp\xoops\modules\jgraphics\admin\spaw\lib\themes\default\img\tb_table_row_insert_over.gif --> homepages.borland.com /usr/local/homepage/jedi/xoops/modules/jgraphics/admin/spaw/lib/themes/default/img tb_table_row_insert_over.gif
2004.02.05 16:24 B d:\temp\xoops\modules\jgraphics\admin\spaw\lib\themes\default\img\tb_table_row_prop.gif --> homepages.borland.com /usr/local/homepage/jedi/xoops/modules/jgraphics/admin/spaw/lib/themes/default/img tb_table_row_prop.gif
2004.02.05 16:24 B d:\temp\xoops\modules\jgraphics\admin\spaw\lib\themes\default\img\tb_table_row_prop_down.gif --> homepages.borland.com /usr/local/homepage/jedi/xoops/modules/jgraphics/admin/spaw/lib/themes/default/img tb_table_row_prop_down.gif
2004.02.05 16:24 B d:\temp\xoops\modules\jgraphics\admin\spaw\lib\themes\default\img\tb_table_row_prop_off.gif --> homepages.borland.com /usr/local/homepage/jedi/xoops/modules/jgraphics/admin/spaw/lib/themes/default/img tb_table_row_prop_off.gif
2004.02.05 16:24 B d:\temp\xoops\modules\jgraphics\admin\spaw\lib\themes\default\img\tb_table_row_prop_over.gif --> homepages.borland.com /usr/local/homepage/jedi/xoops/modules/jgraphics/admin/spaw/lib/themes/default/img tb_table_row_prop_over.gif
2004.02.05 16:24 B d:\temp\xoops\modules\jgraphics\admin\spaw\lib\themes\default\img\tb_toggle_borders.gif --> homepages.borland.com /usr/local/homepage/jedi/xoops/modules/jgraphics/admin/spaw/lib/themes/default/img tb_toggle_borders.gif
2004.02.05 16:24 B d:\temp\xoops\modules\jgraphics\admin\spaw\lib\themes\default\img\tb_toggle_borders_down.gif --> homepages.borland.com /usr/local/homepage/jedi/xoops/modules/jgraphics/admin/spaw/lib/themes/default/img tb_toggle_borders_down.gif
2004.02.05 16:24 B d:\temp\xoops\modules\jgraphics\admin\spaw\lib\themes\default\img\tb_toggle_borders_off.gif --> homepages.borland.com /usr/local/homepage/jedi/xoops/modules/jgraphics/admin/spaw/lib/themes/default/img tb_toggle_borders_off.gif
2004.02.05 16:24 B d:\temp\xoops\modules\jgraphics\admin\spaw\lib\themes\default\img\tb_toggle_borders_over.gif --> homepages.borland.com /usr/local/homepage/jedi/xoops/modules/jgraphics/admin/spaw/lib/themes/default/img tb_toggle_borders_over.gif
2004.02.05 16:24 B d:\temp\xoops\modules\jgraphics\admin\spaw\lib\themes\default\img\tb_toggle_mode.gif --> homepages.borland.com /usr/local/homepage/jedi/xoops/modules/jgraphics/admin/spaw/lib/themes/default/img tb_toggle_mode.gif
2004.02.05 16:24 B d:\temp\xoops\modules\jgraphics\admin\spaw\lib\themes\default\img\tb_top.gif --> homepages.borland.com /usr/local/homepage/jedi/xoops/modules/jgraphics/admin/spaw/lib/themes/default/img tb_top.gif
2004.02.05 16:24 B d:\temp\xoops\modules\jgraphics\admin\spaw\lib\themes\default\img\tb_top_down.gif --> homepages.borland.com /usr/local/homepage/jedi/xoops/modules/jgraphics/admin/spaw/lib/themes/default/img tb_top_down.gif
2004.02.05 16:24 B d:\temp\xoops\modules\jgraphics\admin\spaw\lib\themes\default\img\tb_top_off.gif --> homepages.borland.com /usr/local/homepage/jedi/xoops/modules/jgraphics/admin/spaw/lib/themes/default/img tb_top_off.gif
2004.02.05 16:24 B d:\temp\xoops\modules\jgraphics\admin\spaw\lib\themes\default\img\tb_top_over.gif --> homepages.borland.com /usr/local/homepage/jedi/xoops/modules/jgraphics/admin/spaw/lib/themes/default/img tb_top_over.gif
2004.02.05 16:24 B d:\temp\xoops\modules\jgraphics\admin\spaw\lib\themes\default\img\tb_underline.gif --> homepages.borland.com /usr/local/homepage/jedi/xoops/modules/jgraphics/admin/spaw/lib/themes/default/img tb_underline.gif
2004.02.05 16:24 B d:\temp\xoops\modules\jgraphics\admin\spaw\lib\themes\default\img\tb_underline_down.gif --> homepages.borland.com /usr/local/homepage/jedi/xoops/modules/jgraphics/admin/spaw/lib/themes/default/img tb_underline_down.gif
2004.02.05 16:24 B d:\temp\xoops\modules\jgraphics\admin\spaw\lib\themes\default\img\tb_underline_off.gif --> homepages.borland.com /usr/local/homepage/jedi/xoops/modules/jgraphics/admin/spaw/lib/themes/default/img tb_underline_off.gif
2004.02.05 16:24 B d:\temp\xoops\modules\jgraphics\admin\spaw\lib\themes\default\img\tb_underline_over.gif --> homepages.borland.com /usr/local/homepage/jedi/xoops/modules/jgraphics/admin/spaw/lib/themes/default/img tb_underline_over.gif
2004.02.05 16:24 B d:\temp\xoops\modules\jgraphics\admin\spaw\lib\themes\default\img\tb_undo.gif --> homepages.borland.com /usr/local/homepage/jedi/xoops/modules/jgraphics/admin/spaw/lib/themes/default/img tb_undo.gif
2004.02.05 16:24 B d:\temp\xoops\modules\jgraphics\admin\spaw\lib\themes\default\img\tb_undo_down.gif --> homepages.borland.com /usr/local/homepage/jedi/xoops/modules/jgraphics/admin/spaw/lib/themes/default/img tb_undo_down.gif
2004.02.05 16:24 B d:\temp\xoops\modules\jgraphics\admin\spaw\lib\themes\default\img\tb_undo_off.gif --> homepages.borland.com /usr/local/homepage/jedi/xoops/modules/jgraphics/admin/spaw/lib/themes/default/img tb_undo_off.gif
2004.02.05 16:24 B d:\temp\xoops\modules\jgraphics\admin\spaw\lib\themes\default\img\tb_undo_over.gif --> homepages.borland.com /usr/local/homepage/jedi/xoops/modules/jgraphics/admin/spaw/lib/themes/default/img tb_undo_over.gif
2004.02.05 16:25 B d:\temp\xoops\modules\jgraphics\admin\spaw\lib\themes\default\img\tb_unindent.gif --> homepages.borland.com /usr/local/homepage/jedi/xoops/modules/jgraphics/admin/spaw/lib/themes/default/img tb_unindent.gif
2004.02.05 16:25 B d:\temp\xoops\modules\jgraphics\admin\spaw\lib\themes\default\img\tb_unindent_down.gif --> homepages.borland.com /usr/local/homepage/jedi/xoops/modules/jgraphics/admin/spaw/lib/themes/default/img tb_unindent_down.gif
2004.02.05 16:25 B d:\temp\xoops\modules\jgraphics\admin\spaw\lib\themes\default\img\tb_unindent_off.gif --> homepages.borland.com /usr/local/homepage/jedi/xoops/modules/jgraphics/admin/spaw/lib/themes/default/img tb_unindent_off.gif
2004.02.05 16:25 B d:\temp\xoops\modules\jgraphics\admin\spaw\lib\themes\default\img\tb_unindent_over.gif --> homepages.borland.com /usr/local/homepage/jedi/xoops/modules/jgraphics/admin/spaw/lib/themes/default/img tb_unindent_over.gif
2004.02.05 16:25 B d:\temp\xoops\modules\jgraphics\admin\spaw\lib\themes\default\img\tb_vertical_separator.gif --> homepages.borland.com /usr/local/homepage/jedi/xoops/modules/jgraphics/admin/spaw/lib/themes/default/img tb_vertical_separator.gif
2004.02.05 16:25 B d:\temp\xoops\modules\jgraphics\admin\spaw\lib\themes\default\img\toolbar_background.gif --> homepages.borland.com /usr/local/homepage/jedi/xoops/modules/jgraphics/admin/spaw/lib/themes/default/img toolbar_background.gif
